<?xml version="1.0" encoding="UTF-8"?>
<testng-results skipped="0" failed="1" ignored="0" total="4" passed="3">
  <reporter-output>
  </reporter-output>
  <suite name="Default suite" duration-ms="106004" started-at="2020-04-09T06:25:41Z" finished-at="2020-04-09T06:27:27Z">
    <groups>
    </groups>
    <test name="Default test" duration-ms="106004" started-at="2020-04-09T06:25:41Z" finished-at="2020-04-09T06:27:27Z">
      <class name="firsttestngpackage.PriorityInCode">
        <test-method status="FAIL" signature="FaceBookPageTitleVerification()[pri:0, instance:firsttestngpackage.PriorityInCode@643b1d11]" name="FaceBookPageTitleVerification" duration-ms="61" started-at="2020-04-09T06:25:41Z" finished-at="2020-04-09T06:25:42Z">
          <exception class="java.lang.NullPointerException">
            <full-stacktrace>
              <![CDATA[java.lang.NullPointerException
at firsttestngpackage.PriorityInCode.FaceBookPageTitleVerification(PriorityInCode.java:29)
at sun.reflect.NativeMethodAccessorImpl.invoke0(Native Method)
at sun.reflect.NativeMethodAccessorImpl.invoke(Unknown Source)
at sun.reflect.DelegatingMethodAccessorImpl.invoke(Unknown Source)
at java.lang.reflect.Method.invoke(Unknown Source)
at org.testng.internal.MethodInvocationHelper.invokeMethod(MethodInvocationHelper.java:124)
at org.testng.internal.Invoker.invokeMethod(Invoker.java:583)
at org.testng.internal.Invoker.invokeTestMethod(Invoker.java:719)
at org.testng.internal.Invoker.invokeTestMethods(Invoker.java:989)
at org.testng.internal.TestMethodWorker.invokeTestMethods(TestMethodWorker.java:125)
at org.testng.internal.TestMethodWorker.run(TestMethodWorker.java:109)
at org.testng.TestRunner.privateRun(TestRunner.java:648)
at org.testng.TestRunner.run(TestRunner.java:505)
at org.testng.SuiteRunner.runTest(SuiteRunner.java:455)
at org.testng.SuiteRunner.runSequentially(SuiteRunner.java:450)
at org.testng.SuiteRunner.privateRun(SuiteRunner.java:415)
at org.testng.SuiteRunner.run(SuiteRunner.java:364)
at org.testng.SuiteRunnerWorker.runSuite(SuiteRunnerWorker.java:52)
at org.testng.SuiteRunnerWorker.run(SuiteRunnerWorker.java:84)
at org.testng.TestNG.runSuitesSequentially(TestNG.java:1208)
at org.testng.TestNG.runSuitesLocally(TestNG.java:1137)
at org.testng.TestNG.runSuites(TestNG.java:1049)
at org.testng.TestNG.run(TestNG.java:1017)
at org.testng.remote.AbstractRemoteTestNG.run(AbstractRemoteTestNG.java:115)
at org.testng.remote.RemoteTestNG.initAndRun(RemoteTestNG.java:251)
at org.testng.remote.RemoteTestNG.main(RemoteTestNG.java:77)
]]>
            </full-stacktrace>
          </exception> <!-- java.lang.NullPointerException -->
          <reporter-output>
          </reporter-output>
        </test-method> <!-- FaceBookPageTitleVerification -->
        <test-method status="PASS" signature="OpenBrowser()[pri:0, instance:firsttestngpackage.PriorityInCode@643b1d11]" name="OpenBrowser" duration-ms="45893" started-at="2020-04-09T06:25:42Z" finished-at="2020-04-09T06:26:27Z">
          <reporter-output>
          </reporter-output>
        </test-method> <!-- OpenBrowser -->
        <test-method status="PASS" signature="launchBrowser()[pri:0, instance:firsttestngpackage.PriorityInCode@643b1d11]" name="launchBrowser" duration-ms="29002" started-at="2020-04-09T06:26:27Z" finished-at="2020-04-09T06:26:56Z">
          <reporter-output>
          </reporter-output>
        </test-method> <!-- launchBrowser -->
        <test-method status="PASS" signature="performSearchAndClick1stLink()[pri:0, instance:firsttestngpackage.PriorityInCode@643b1d11]" name="performSearchAndClick1stLink" duration-ms="30878" started-at="2020-04-09T06:26:56Z" finished-at="2020-04-09T06:27:27Z">
          <reporter-output>
          </reporter-output>
        </test-method> <!-- performSearchAndClick1stLink -->
      </class> <!-- firsttestngpackage.PriorityInCode -->
    </test> <!-- Default test -->
  </suite> <!-- Default suite -->
</testng-results>
